# JRE version: OpenJDK Runtime Environment (18.0.2+9) (build 18.0.2+9-61)
# Java VM: OpenJDK 64-Bit Server VM (18.0.2+9-61, mixed mode, emulated-client, sharing, tiered, compressed oops, compressed class ptrs, g1 gc, windows-amd64)
GC Precious Log:
 CardTable entry size: 512
 Card Set container configuration: InlinePtr #cards 5 size 8 Array Of Cards #cards 12 size 40 Howl #buckets 4 coarsen threshold 1843 Howl Bitmap #cards 512 size 80 coarsen threshold 460 Card regions per heap region 1 cards per card region 2048
 CPUs: 8 total, 8 available
 Memory: 8078M
 Large Page Support: Disabled
 NUMA Support: Disabled
 Compressed Oops: Enabled (32-bit)
 Heap Region Size: 1M
 Heap Min Capacity: 8M
 Heap Initial Capacity: 128M
 Heap Max Capacity: 2020M
 Pre-touch: Disabled
 Parallel Workers: 8
 Concurrent Workers: 2
 Concurrent Refinement Workers: 8
 Periodic GC: Disabled
Heap:
 garbage-first heap   total 75776K, used 29952K [0x0000000081c00000, 0x0000000100000000)
  region size 1024K, 2 young (2048K), 2 survivors (2048K)
 Metaspace       used 54441K, committed 54976K, reserved 1114112K
  class space    used 7596K, committed 7872K, reserved 1048576K
GC Heap History (20 events):
Event: 0.572 GC heap after
{Heap after GC invocations=1 (full 0):
 garbage-first heap   total 131072K, used 7969K [0x0000000081c00000, 0x0000000100000000)
  region size 1024K, 3 young (3072K), 3 survivors (3072K)
 Metaspace       used 7641K, committed 7872K, reserved 1114112K
  class space    used 951K, committed 1088K, reserved 1048576K
}
Event: 0.838 GC heap before
{Heap before GC invocations=1 (full 0):
 garbage-first heap   total 131072K, used 33569K [0x0000000081c00000, 0x0000000100000000)
  region size 1024K, 29 young (29696K), 3 survivors (3072K)
 Metaspace       used 13870K, committed 14144K, reserved 1114112K
  class space    used 1793K, committed 1920K, reserved 1048576K
}
Event: 0.843 GC heap after
{Heap after GC invocations=2 (full 0):
 garbage-first heap   total 131072K, used 9909K [0x0000000081c00000, 0x0000000100000000)
  region size 1024K, 2 young (2048K), 2 survivors (2048K)
 Metaspace       used 13870K, committed 14144K, reserved 1114112K
  class space    used 1793K, committed 1920K, reserved 1048576K
}
Event: 1.363 GC heap before
{Heap before GC invocations=2 (full 0):
 garbage-first heap   total 131072K, used 64181K [0x0000000081c00000, 0x0000000100000000)
  region size 1024K, 57 young (58368K), 2 survivors (2048K)
 Metaspace       used 21190K, committed 21504K, reserved 1114112K
  class space    used 2815K, committed 3008K, reserved 1048576K
}
Event: 1.370 GC heap after
{Heap after GC invocations=3 (full 0):
 garbage-first heap   total 131072K, used 13737K [0x0000000081c00000, 0x0000000100000000)
  region size 1024K, 6 young (6144K), 6 survivors (6144K)
 Metaspace       used 21190K, committed 21504K, reserved 1114112K
  class space    used 2815K, committed 3008K, reserved 1048576K
}
Event: 1.801 GC heap before
{Heap before GC invocations=4 (full 0):
 garbage-first heap   total 51200K, used 50601K [0x0000000081c00000, 0x0000000100000000)
  region size 1024K, 42 young (43008K), 6 survivors (6144K)
 Metaspace       used 26278K, committed 26752K, reserved 1114112K
  class space    used 3563K, committed 3776K, reserved 1048576K
}
Event: 1.814 GC heap after
{Heap after GC invocations=5 (full 0):
 garbage-first heap   total 61440K, used 17667K [0x0000000081c00000, 0x0000000100000000)
  region size 1024K, 8 young (8192K), 8 survivors (8192K)
 Metaspace       used 26278K, committed 26752K, reserved 1114112K
  class space    used 3563K, committed 3776K, reserved 1048576K
}
Event: 1.825 GC heap before
{Heap before GC invocations=5 (full 0):
 garbage-first heap   total 61440K, used 18691K [0x0000000081c00000, 0x0000000100000000)
  region size 1024K, 9 young (9216K), 8 survivors (8192K)
 Metaspace       used 26494K, committed 26944K, reserved 1114112K
  class space    used 3584K, committed 3776K, reserved 1048576K
}
Event: 1.834 GC heap after
{Heap after GC invocations=6 (full 0):
 garbage-first heap   total 73728K, used 17971K [0x0000000081c00000, 0x0000000100000000)
  region size 1024K, 1 young (1024K), 1 survivors (1024K)
 Metaspace       used 26494K, committed 26944K, reserved 1114112K
  class space    used 3584K, committed 3776K, reserved 1048576K
}
Event: 2.177 GC heap before
{Heap before GC invocations=6 (full 0):
 garbage-first heap   total 73728K, used 48691K [0x0000000081c00000, 0x0000000100000000)
  region size 1024K, 32 young (32768K), 1 survivors (1024K)
 Metaspace       used 31311K, committed 31744K, reserved 1114112K
  class space    used 4250K, committed 4416K, reserved 1048576K
}
Event: 2.179 GC heap after
{Heap after GC invocations=7 (full 0):
 garbage-first heap   total 73728K, used 19516K [0x0000000081c00000, 0x0000000100000000)
  region size 1024K, 3 young (3072K), 3 survivors (3072K)
 Metaspace       used 31311K, committed 31744K, reserved 1114112K
  class space    used 4250K, committed 4416K, reserved 1048576K
}
Event: 2.361 GC heap before
{Heap before GC invocations=7 (full 0):
 garbage-first heap   total 73728K, used 33852K [0x0000000081c00000, 0x0000000100000000)
  region size 1024K, 18 young (18432K), 3 survivors (3072K)
 Metaspace       used 35662K, committed 36096K, reserved 1114112K
  class space    used 4902K, committed 5120K, reserved 1048576K
}
Event: 2.364 GC heap after
{Heap after GC invocations=8 (full 0):
 garbage-first heap   total 73728K, used 20491K [0x0000000081c00000, 0x0000000100000000)
  region size 1024K, 4 young (4096K), 4 survivors (4096K)
 Metaspace       used 35662K, committed 36096K, reserved 1114112K
  class space    used 4902K, committed 5120K, reserved 1048576K
}
Event: 2.736 GC heap before
{Heap before GC invocations=9 (full 0):
 garbage-first heap   total 73728K, used 53259K [0x0000000081c00000, 0x0000000100000000)
  region size 1024K, 36 young (36864K), 4 survivors (4096K)
 Metaspace       used 44816K, committed 45248K, reserved 1114112K
  class space    used 6075K, committed 6272K, reserved 1048576K
}
Event: 2.740 GC heap after
{Heap after GC invocations=10 (full 0):
 garbage-first heap   total 73728K, used 23081K [0x0000000081c00000, 0x0000000100000000)
  region size 1024K, 4 young (4096K), 4 survivors (4096K)
 Metaspace       used 44816K, committed 45248K, reserved 1114112K
  class space    used 6075K, committed 6272K, reserved 1048576K
}
Event: 3.172 GC heap before
{Heap before GC invocations=10 (full 0):
 garbage-first heap   total 73728K, used 54825K [0x0000000081c00000, 0x0000000100000000)
  region size 1024K, 35 young (35840K), 4 survivors (4096K)
 Metaspace       used 50785K, committed 51264K, reserved 1114112K
  class space    used 7023K, committed 7232K, reserved 1048576K
}
Event: 3.176 GC heap after
{Heap after GC invocations=11 (full 0):
 garbage-first heap   total 73728K, used 25362K [0x0000000081c00000, 0x0000000100000000)
  region size 1024K, 5 young (5120K), 5 survivors (5120K)
 Metaspace       used 50785K, committed 51264K, reserved 1114112K
  class space    used 7023K, committed 7232K, reserved 1048576K
}
Event: 3.410 GC heap before
{Heap before GC invocations=11 (full 0):
 garbage-first heap   total 73728K, used 55058K [0x0000000081c00000, 0x0000000100000000)
  region size 1024K, 34 young (34816K), 5 survivors (5120K)
 Metaspace       used 52795K, committed 53312K, reserved 1114112K
  class space    used 7346K, committed 7616K, reserved 1048576K
}
Event: 3.415 GC heap after
{Heap after GC invocations=12 (full 0):
 garbage-first heap   total 73728K, used 28152K [0x0000000081c00000, 0x0000000100000000)
  region size 1024K, 5 young (5120K), 5 survivors (5120K)
 Metaspace       used 52795K, committed 53312K, reserved 1114112K
  class space    used 7346K, committed 7616K, reserved 1048576K
}
Event: 3.591 GC heap before
{Heap before GC invocations=12 (full 0):
 garbage-first heap   total 73728K, used 55800K [0x0000000081c00000, 0x0000000100000000)
  region size 1024K, 32 young (32768K), 5 survivors (5120K)
 Metaspace       used 54441K, committed 54976K, reserved 1114112K
  class space    used 7596K, committed 7872K, reserved 1048576K
}

