# JRE version: OpenJDK Runtime Environment (18.0.2+9) (build 18.0.2+9-61)
# Java VM: OpenJDK 64-Bit Server VM (18.0.2+9-61, mixed mode, emulated-client, sharing, tiered, compressed oops, compressed class ptrs, g1 gc, windows-amd64)
GC Precious Log:
 CardTable entry size: 512
 Card Set container configuration: InlinePtr #cards 5 size 8 Array Of Cards #cards 12 size 40 Howl #buckets 4 coarsen threshold 1843 Howl Bitmap #cards 512 size 80 coarsen threshold 460 Card regions per heap region 1 cards per card region 2048
 CPUs: 8 total, 8 available
 Memory: 8078M
 Large Page Support: Disabled
 NUMA Support: Disabled
 Compressed Oops: Enabled (32-bit)
 Heap Region Size: 1M
 Heap Min Capacity: 8M
 Heap Initial Capacity: 128M
 Heap Max Capacity: 2020M
 Pre-touch: Disabled
 Parallel Workers: 8
 Concurrent Workers: 2
 Concurrent Refinement Workers: 8
 Periodic GC: Disabled
Heap:
 garbage-first heap   total 111616K, used 23889K [0x0000000081c00000, 0x0000000100000000)
  region size 1024K, 2 young (2048K), 2 survivors (2048K)
 Metaspace       used 48622K, committed 49088K, reserved 1114112K
  class space    used 6737K, committed 6976K, reserved 1048576K
GC Heap History (20 events):
Event: 1.628 GC heap after
{Heap after GC invocations=2 (full 0):
 garbage-first heap   total 131072K, used 10260K [0x0000000081c00000, 0x0000000100000000)
  region size 1024K, 3 young (3072K), 3 survivors (3072K)
 Metaspace       used 12621K, committed 12992K, reserved 1114112K
  class space    used 1654K, committed 1856K, reserved 1048576K
}
Event: 2.446 GC heap before
{Heap before GC invocations=2 (full 0):
 garbage-first heap   total 131072K, used 51220K [0x0000000081c00000, 0x0000000100000000)
  region size 1024K, 44 young (45056K), 3 survivors (3072K)
 Metaspace       used 18871K, committed 19200K, reserved 1114112K
  class space    used 2462K, committed 2624K, reserved 1048576K
}
Event: 2.458 GC heap after
{Heap after GC invocations=3 (full 0):
 garbage-first heap   total 131072K, used 12847K [0x0000000081c00000, 0x0000000100000000)
  region size 1024K, 5 young (5120K), 5 survivors (5120K)
 Metaspace       used 18871K, committed 19200K, reserved 1114112K
  class space    used 2462K, committed 2624K, reserved 1048576K
}
Event: 2.934 GC heap before
{Heap before GC invocations=3 (full 0):
 garbage-first heap   total 131072K, used 32303K [0x0000000081c00000, 0x0000000100000000)
  region size 1024K, 25 young (25600K), 5 survivors (5120K)
 Metaspace       used 21193K, committed 21504K, reserved 1114112K
  class space    used 2818K, committed 3008K, reserved 1048576K
}
Event: 2.946 GC heap after
{Heap after GC invocations=4 (full 0):
 garbage-first heap   total 131072K, used 14016K [0x0000000081c00000, 0x0000000100000000)
  region size 1024K, 6 young (6144K), 6 survivors (6144K)
 Metaspace       used 21193K, committed 21504K, reserved 1114112K
  class space    used 2818K, committed 3008K, reserved 1048576K
}
Event: 3.642 GC heap before
{Heap before GC invocations=5 (full 0):
 garbage-first heap   total 51200K, used 38592K [0x0000000081c00000, 0x0000000100000000)
  region size 1024K, 30 young (30720K), 6 survivors (6144K)
 Metaspace       used 24552K, committed 24896K, reserved 1114112K
  class space    used 3321K, committed 3456K, reserved 1048576K
}
Event: 3.664 GC heap after
{Heap after GC invocations=6 (full 0):
 garbage-first heap   total 51200K, used 16082K [0x0000000081c00000, 0x0000000100000000)
  region size 1024K, 4 young (4096K), 4 survivors (4096K)
 Metaspace       used 24552K, committed 24896K, reserved 1114112K
  class space    used 3321K, committed 3456K, reserved 1048576K
}
Event: 3.690 GC heap before
{Heap before GC invocations=6 (full 0):
 garbage-first heap   total 51200K, used 17106K [0x0000000081c00000, 0x0000000100000000)
  region size 1024K, 5 young (5120K), 4 survivors (4096K)
 Metaspace       used 24651K, committed 25024K, reserved 1114112K
  class space    used 3340K, committed 3520K, reserved 1048576K
}
Event: 3.704 GC heap after
{Heap after GC invocations=7 (full 0):
 garbage-first heap   total 61440K, used 16438K [0x0000000081c00000, 0x0000000100000000)
  region size 1024K, 1 young (1024K), 1 survivors (1024K)
 Metaspace       used 24651K, committed 25024K, reserved 1114112K
  class space    used 3340K, committed 3520K, reserved 1048576K
}
Event: 4.335 GC heap before
{Heap before GC invocations=7 (full 0):
 garbage-first heap   total 61440K, used 42038K [0x0000000081c00000, 0x0000000100000000)
  region size 1024K, 27 young (27648K), 1 survivors (1024K)
 Metaspace       used 27888K, committed 28288K, reserved 1114112K
  class space    used 3768K, committed 3968K, reserved 1048576K
}
Event: 4.339 GC heap after
{Heap after GC invocations=8 (full 0):
 garbage-first heap   total 61440K, used 18335K [0x0000000081c00000, 0x0000000100000000)
  region size 1024K, 3 young (3072K), 3 survivors (3072K)
 Metaspace       used 27888K, committed 28288K, reserved 1114112K
  class space    used 3768K, committed 3968K, reserved 1048576K
}
Event: 5.016 GC heap before
{Heap before GC invocations=8 (full 0):
 garbage-first heap   total 61440K, used 42911K [0x0000000081c00000, 0x0000000100000000)
  region size 1024K, 28 young (28672K), 3 survivors (3072K)
 Metaspace       used 33541K, committed 33984K, reserved 1114112K
  class space    used 4689K, committed 4864K, reserved 1048576K
}
Event: 5.021 GC heap after
{Heap after GC invocations=9 (full 0):
 garbage-first heap   total 61440K, used 20094K [0x0000000081c00000, 0x0000000100000000)
  region size 1024K, 2 young (2048K), 2 survivors (2048K)
 Metaspace       used 33541K, committed 33984K, reserved 1114112K
  class space    used 4689K, committed 4864K, reserved 1048576K
}
Event: 5.221 GC heap before
{Heap before GC invocations=9 (full 0):
 garbage-first heap   total 61440K, used 26238K [0x0000000081c00000, 0x0000000100000000)
  region size 1024K, 9 young (9216K), 2 survivors (2048K)
 Metaspace       used 35658K, committed 36096K, reserved 1114112K
  class space    used 4898K, committed 5120K, reserved 1048576K
}
Event: 5.225 GC heap after
{Heap after GC invocations=10 (full 0):
 garbage-first heap   total 61440K, used 20690K [0x0000000081c00000, 0x0000000100000000)
  region size 1024K, 3 young (3072K), 3 survivors (3072K)
 Metaspace       used 35658K, committed 36096K, reserved 1114112K
  class space    used 4898K, committed 5120K, reserved 1048576K
}
Event: 5.891 GC heap before
{Heap before GC invocations=11 (full 0):
 garbage-first heap   total 61440K, used 46290K [0x0000000081c00000, 0x0000000100000000)
  region size 1024K, 28 young (28672K), 3 survivors (3072K)
 Metaspace       used 42945K, committed 43456K, reserved 1114112K
  class space    used 5837K, committed 6080K, reserved 1048576K
}
Event: 5.898 GC heap after
{Heap after GC invocations=12 (full 0):
 garbage-first heap   total 61440K, used 22800K [0x0000000081c00000, 0x0000000100000000)
  region size 1024K, 3 young (3072K), 3 survivors (3072K)
 Metaspace       used 42945K, committed 43456K, reserved 1114112K
  class space    used 5837K, committed 6080K, reserved 1048576K
}
Event: 5.913 GC heap before
{Heap before GC invocations=12 (full 0):
 garbage-first heap   total 61440K, used 23824K [0x0000000081c00000, 0x0000000100000000)
  region size 1024K, 4 young (4096K), 3 survivors (3072K)
 Metaspace       used 43085K, committed 43584K, reserved 1114112K
  class space    used 5852K, committed 6080K, reserved 1048576K
}
Event: 5.918 GC heap after
{Heap after GC invocations=13 (full 0):
 garbage-first heap   total 61440K, used 23075K [0x0000000081c00000, 0x0000000100000000)
  region size 1024K, 1 young (1024K), 1 survivors (1024K)
 Metaspace       used 43085K, committed 43584K, reserved 1114112K
  class space    used 5852K, committed 6080K, reserved 1048576K
}
Event: 6.709 GC heap before
{Heap before GC invocations=13 (full 0):
 garbage-first heap   total 61440K, used 45603K [0x0000000081c00000, 0x0000000100000000)
  region size 1024K, 24 young (24576K), 1 survivors (1024K)
 Metaspace       used 48622K, committed 49088K, reserved 1114112K
  class space    used 6737K, committed 6976K, reserved 1048576K
}

